<?xml version="1.0" encoding="UTF-8"?>
<!-- Generated by org.testng.reporters.JUnitReportReporter -->
<testsuite skipped="0" hostname="Ravikumars-MacBook-Pro.local" name="com.rvtech.RestAssuredReadResponseBody" tests="1" failures="0" timestamp="16 Oct 2019 22:44:25 GMT" time="1.813" errors="0">
  <testcase name="readResponseBodyAsString" time="1.813" classname="com.rvtech.RestAssuredReadResponseBody"/>
</testsuite> <!-- com.rvtech.RestAssuredReadResponseBody -->
