<?xml version="1.0" encoding="UTF-8"?>
<!-- Generated by org.testng.reporters.JUnitReportReporter -->
<testsuite skipped="0" hostname="Ravikumars-MacBook-Pro.local" name="com.rvtech.RestAssuredPostRequest" tests="1" failures="0" timestamp="17 Oct 2019 20:38:52 GMT" time="2.098" errors="0">
  <testcase name="postRequest" time="2.098" classname="com.rvtech.RestAssuredPostRequest"/>
</testsuite> <!-- com.rvtech.RestAssuredPostRequest -->
