<?xml version="1.0" encoding="UTF-8"?>
<!-- Generated by org.testng.reporters.JUnitReportReporter -->
<testsuite skipped="0" hostname="Ravikumars-MacBook-Pro.local" name="com.rvtech.RestAssuredReadResponseBodyJSONFormat" tests="1" failures="0" timestamp="16 Oct 2019 22:52:40 GMT" time="2.476" errors="0">
  <testcase name="restAssuredReadResponseBodyJSONFormat" time="2.476" classname="com.rvtech.RestAssuredReadResponseBodyJSONFormat"/>
</testsuite> <!-- com.rvtech.RestAssuredReadResponseBodyJSONFormat -->
