<?xml version="1.0" encoding="UTF-8"?>
<!-- Generated by org.testng.reporters.JUnitReportReporter -->
<testsuite skipped="0" hostname="Ravikumars-MacBook-Pro.local" name="com.rvtech.RestAssuredDeserializeJSONResponse" tests="1" failures="0" timestamp="17 Oct 2019 21:26:43 GMT" time="2.349" errors="0">
  <testcase name="deserializeJSONResponse" time="2.349" classname="com.rvtech.RestAssuredDeserializeJSONResponse"/>
</testsuite> <!-- com.rvtech.RestAssuredDeserializeJSONResponse -->
